======== /uscms/home/bkansal/nobackup/SUSY_Photon_using_v17/SignalRegion_GetLimits ===============
/cvmfs/cms.cern.ch/slc6_amd64_gcc630/cms/cmssw/CMSSW_10_1_0
/uscms/home/bkansal/nobackup/SUSY_Photon_using_v17/SignalRegion_GetLimits
TreeUtilities : FillChain 
No. of Entries in this tree : 35926
Initiating analysis of dataset FastSim_T5bbbbZg_2016
Treating the input files as BG for setting tree branches
dataset FastSim_T5bbbbZg_2016 
nentries 35926
Analyzing dataset FastSim_T5bbbbZg_2016 
applying PU weights.
applying ISR weights to ttbar? 1
10 %
20 %
30 %
40 %
50 %
60 %
70 %
80 %
90 %
Events Survied : 8807
Events Survied in EW selections : 142
Events Survied i without EW selections : 8665
========== HiggsAnalysis/CombinedLimit ===============
/uscms/home/bkansal/nobackup/SUSY_Photon_using_v17/SignalRegion_GetLimits
/uscms/home/bkansal/nobackup/SUSY_Photon_using_v17/SignalRegion_GetLimits/CMSSW_8_1_0/src
making datacards
mkdir dataCards/FastSim_T5bbbbZg_1800_150_METvBin_njet4

Processing makeDatacard_SBins.C(1800,150,"FastSim_T5bbbbZg_1800_150.root","METvBin_njet4","METvBin_SP")...
MEt bin --> 1 bin content --> 14.5141
MEt bin --> 2 bin content --> 14.9728
MEt bin --> 3 bin content --> 16.6149
MEt bin --> 4 bin content --> 28.6353
MEt bin --> 5 bin content --> 11.7421
file name : FastSim_T5bbbbZg_1800_150
dataCards/FastSim_T5bbbbZg_1800_150_METvBin_njet4/FastSim_T5bbbbZg_1800_150_METvBin_SP_bin1.txt
dataCards/FastSim_T5bbbbZg_1800_150_METvBin_njet4/FastSim_T5bbbbZg_1800_150_METvBin_SP_bin2.txt
dataCards/FastSim_T5bbbbZg_1800_150_METvBin_njet4/FastSim_T5bbbbZg_1800_150_METvBin_SP_bin3.txt
dataCards/FastSim_T5bbbbZg_1800_150_METvBin_njet4/FastSim_T5bbbbZg_1800_150_METvBin_SP_bin4.txt
dataCards/FastSim_T5bbbbZg_1800_150_METvBin_njet4/FastSim_T5bbbbZg_1800_150_METvBin_SP_bin5.txt
/cvmfs/cms.cern.ch/slc6_amd64_gcc530/cms/cmssw/CMSSW_8_1_0
combineCards.py /uscms/home/bkansal/nobackup/SUSY_Photon_using_v17/SignalRegion_GetLimits/dataCards/FastSim_T5bbbbZg_1800_150_METvBin_njet4/*.txt > dataCard_T5bbbbZg_1800_150_METvBin_njet4.txt
calculating limit
1800.0150
combine -M AsymptoticLimits dataCard_T5bbbbZg_1800_150_METvBin_njet4.txt -t -1 -n T5bbbbZg_1800_150_METvBin_njet4 -m 1800.0150
 <<< Combine >>> 
>>> including systematics
>>> method used is AsymptoticLimits
>>> random number generator seed is 123456
Computing results starting from expected outcome (a-priori)

 -- AsymptoticLimits ( CLs ) --
Observed Limit: r < 0.8790
Expected  2.5%: r < 0.4601
Expected 16.0%: r < 0.6204
Expected 50.0%: r < 0.8789
Expected 84.0%: r < 1.2678
Expected 97.5%: r < 1.7672

Done in 0.02 min (cpu), 0.02 min (real)
