======== /uscms/home/bkansal/nobackup/SUSY_Photon_using_v17/SignalRegion_GetLimits ===============
/cvmfs/cms.cern.ch/slc6_amd64_gcc630/cms/cmssw/CMSSW_10_1_0
/uscms/home/bkansal/nobackup/SUSY_Photon_using_v17/SignalRegion_GetLimits
TreeUtilities : FillChain 
No. of Entries in this tree : 40241
Initiating analysis of dataset FastSim_T5bbbbZg_2016
Treating the input files as BG for setting tree branches
dataset FastSim_T5bbbbZg_2016 
nentries 40241
Analyzing dataset FastSim_T5bbbbZg_2016 
applying PU weights.
applying ISR weights to ttbar? 1
10 %
20 %
30 %
40 %
50 %
60 %
70 %
80 %
90 %
Events Survied : 12554
Events Survied in EW selections : 3405
Events Survied i without EW selections : 9149
========== HiggsAnalysis/CombinedLimit ===============
/uscms/home/bkansal/nobackup/SUSY_Photon_using_v17/SignalRegion_GetLimits
/uscms/home/bkansal/nobackup/SUSY_Photon_using_v17/SignalRegion_GetLimits/CMSSW_8_1_0/src
making datacards
mkdir dataCards/FastSim_T5bbbbZg_1800_1750_METvBin_njet4

Processing makeDatacard_SBins.C(1800,1750,"FastSim_T5bbbbZg_1800_1750.root","METvBin_njet4","METvBin_SP")...
MEt bin --> 1 bin content --> 1.77191
MEt bin --> 2 bin content --> 2.7888
MEt bin --> 3 bin content --> 4.22799
MEt bin --> 4 bin content --> 15.7749
MEt bin --> 5 bin content --> 51.6182
file name : FastSim_T5bbbbZg_1800_1750
dataCards/FastSim_T5bbbbZg_1800_1750_METvBin_njet4/FastSim_T5bbbbZg_1800_1750_METvBin_SP_bin1.txt
dataCards/FastSim_T5bbbbZg_1800_1750_METvBin_njet4/FastSim_T5bbbbZg_1800_1750_METvBin_SP_bin2.txt
dataCards/FastSim_T5bbbbZg_1800_1750_METvBin_njet4/FastSim_T5bbbbZg_1800_1750_METvBin_SP_bin3.txt
dataCards/FastSim_T5bbbbZg_1800_1750_METvBin_njet4/FastSim_T5bbbbZg_1800_1750_METvBin_SP_bin4.txt
dataCards/FastSim_T5bbbbZg_1800_1750_METvBin_njet4/FastSim_T5bbbbZg_1800_1750_METvBin_SP_bin5.txt
/cvmfs/cms.cern.ch/slc6_amd64_gcc530/cms/cmssw/CMSSW_8_1_0
combineCards.py /uscms/home/bkansal/nobackup/SUSY_Photon_using_v17/SignalRegion_GetLimits/dataCards/FastSim_T5bbbbZg_1800_1750_METvBin_njet4/*.txt > dataCard_T5bbbbZg_1800_1750_METvBin_njet4.txt
calculating limit
1800.1750
combine -M AsymptoticLimits dataCard_T5bbbbZg_1800_1750_METvBin_njet4.txt -t -1 -n T5bbbbZg_1800_1750_METvBin_njet4 -m 1800.1750
 <<< Combine >>> 
>>> including systematics
>>> method used is AsymptoticLimits
>>> random number generator seed is 123456
Computing results starting from expected outcome (a-priori)

 -- AsymptoticLimits ( CLs ) --
Observed Limit: r < 0.2607
Expected  2.5%: r < 0.1314
Expected 16.0%: r < 0.1789
Expected 50.0%: r < 0.2607
Expected 84.0%: r < 0.3917
Expected 97.5%: r < 0.5798

Done in 0.02 min (cpu), 0.02 min (real)
