======== /uscms/home/bkansal/nobackup/SUSY_Photon_using_v17/SignalRegion_GetLimits ===============
/cvmfs/cms.cern.ch/slc6_amd64_gcc630/cms/cmssw/CMSSW_10_1_0
/uscms/home/bkansal/nobackup/SUSY_Photon_using_v17/SignalRegion_GetLimits
TreeUtilities : FillChain 
No. of Entries in this tree : 100911
Initiating analysis of dataset FastSim_TChiNG_2016
Treating the input files as BG for setting tree branches
dataset FastSim_TChiNG_2016 
nentries 100911
Analyzing dataset FastSim_TChiNG_2016 
applying PU weights.
applying ISR weights to ttbar? 1
10 %
20 %
30 %
40 %
50 %
60 %
70 %
80 %
90 %
Events Survied : 36051
Events Survied in EW selections : 13409
Events Survied i without EW selections : 22642
========== HiggsAnalysis/CombinedLimit ===============
/uscms/home/bkansal/nobackup/SUSY_Photon_using_v17/SignalRegion_GetLimits
/uscms/home/bkansal/nobackup/SUSY_Photon_using_v17/SignalRegion_GetLimits/CMSSW_8_1_0/src
/uscms/home/bkansal/nobackup/SUSY_Photon_using_v17/SignalRegion_GetLimits
/uscms/home/bkansal/nobackup/SUSY_Photon_using_v17/SignalRegion_GetLimits
ls
AnalyzeLightBSM.cc
AnalyzeLightBSM.cc~
AnalyzeLightBSM.h
CMSSW_10_1_0
CMSSW_8_1_0
FastSim_TChiNG_0_1200.root
FastSim_TChiWG_2016__1800_150.root
GJetsQCD_new_v17.root
GJets_2016_v17.root
GJets_2017_v17.root
GJets_2018_v17.root
Makefile
NtupleVariables.cc
NtupleVariables.h
PileupHistograms_0118_63mb_pm5.root
PileupHistograms_0121_69p2mb_pm4p6.root
PileupHistograms_0328_63mb_pm5.root
QCD_2016_v17.root
QCD_2017_v17.root
QCD_2018_v17.root
ReadMe_dataCard.txt
StackHists.C
T5bbbbZG_Autumn18Fast_MassScan.root
T5bbbbZG_Fall17Fast_MassScan.root
T5bbbbZg_1800_150_FastSim_2016_v17.root
T5bbbbZg_1800_150_FastSim_v17.root
T5bbbbZg_1800_150_njet3.log
T5bbbbZg_1800_150_njet4.log
T5bbbbZg_1800_150_njet5.log
T5bbbbZg_1800_1750_FastSim_2016_v17.root
T5bbbbZg_1800_1750_FastSim_v17.root
T5bbbbZg_1800_1750_njet3.log
T5bbbbZg_1800_1750_njet4.log
T5bbbbZg_1800_1750_njet5.log
T5bbbbZg_MassScan.root
T5bbbbZg_MassScan.txt
T5bbbbZg_MassScan_subset.txt
T5bbbbZg_MassScan_subset1.txt
T5bbbbZg_MassScan_subset2.txt
T5qqqqHg_MassScan.txt
T5qqqqHg_MassScan_subset.txt
T5ttttZg_MassScan.txt
T5ttttZg_MassScan_subset.txt
T6ttZg_MassScan.txt
TChiNG_0_1200_njet3.log
TChiNG_0_1200_njet4.log
TChiNG_0_1200_njet5.log
TChiNG_0_800_njet3.log
TChiNG_0_800_njet4.log
TChiNG_0_800_njet5.log
TChiNG_MassScan.root
TChiNg_0_1200_FastSim_v17.root
TChiNg_0_800_FastSim_v17.root
TChiWG_0_1200_njet3.log
TChiWG_0_1200_njet4.log
TChiWG_0_1200_njet5.log
TChiWG_0_800_njet3.log
TChiWG_0_800_njet4.log
TChiWG_0_800_njet5.log
TChiWG_MassScan.root
TChiWg_0_1200_FastSim_v17.root
TChiWg_0_400_FastSim_v17.root
TChiWg_0_800_FastSim_v17.root
TTGJets_2016_v17.root
TTGJets_2017_v17.root
TTGJets_2018_v17.root
TTGJets_v17.root
TTJetsHT1_2016_v17.root
TTJetsHT1_2017_v17.root
TTJetsHT1_2018_v17.root
TTJetsHT2_2016_v17.root
TTJetsHT2_2017_v17.root
TTJetsHT2_2018_v17.root
TTJetsHT_v17.root
WGJetsToLNuG_2016_v17.root
WGJetsToLNuG_2017_v17.root
WGJetsToLNuG_2018_v17.root
WGJetsToLNuG_v17.root
WJetsToLNu_2016_v17.root
WJetsToLNu_2017_v17.root
WJetsToLNu_2018_v17.root
WJetsToLNu_v17.root
ZGJetsToNuNuG_2017_v17.root
ZGJetsToNuNuG_2018_v17.root
ZGJetsToNuNuG_v12.root
ZGZJ_NuNuG_v17.root
ZJetsToNuNu_2016_v17.root
ZJetsToNuNu_2017_v17.root
ZJetsToNuNu_2018_v17.root
analyzeLightBSM
calcLimit.sh
cleaUpBatchFiles.sh
combineCards.py
dataCards
diffNuisances.py
docker_stderror
getSignalEff.C
higgsCombine.tar
limit_var.C
limits_rootout
makeDatacard.C
makeDatacard_SBins.C
makeDatacard_SBins.C~
makeDatacard_Simple_bybhumi.C
makeDatacard_Simple_bybhumi_C.d
makeDatacard_Simple_bybhumi_C.so
makeDatacard_Simple_bybhumi_C_ACLiC_dict_rdict.pcm
moveOPfiles.sh
plotLimits
printMassPoints.C
realistic-counting-experiment.txt
root_withSTphocut_EWselec_njet3
root_withSTphocut_EWselec_njet4
root_withSTphocut_EWselec_njet5
run.sh
run.sh~
searchBinsStack.C
smallrunList.txt
tmp
tmp.root
tmp.sh
tmp.sh~
worker.sh
worker.sh~
worker2.sh
worker2.sh_for1Dbin
worker2.sh_org
worker2.sh~
xsecNom.txt
xsecUp.txt
making datacards
mkdir dataCards/FastSim_TChiNG_0_1200_METvBin_njet5

Processing makeDatacard_SBins.C(0,1200,"FastSim_TChiNG_0_1200.root","METvBin_njet5","METvBin_EW")...
MEt bin --> 1 bin content --> 0.507894
MEt bin --> 2 bin content --> 0.663584
MEt bin --> 3 bin content --> 1.01584
MEt bin --> 4 bin content --> 3.52394
MEt bin --> 5 bin content --> 4.86971
file name : FastSim_TChiNG_0_1200
dataCards/FastSim_TChiNG_0_1200_METvBin_njet5/FastSim_TChiNG_0_1200_METvBin_EW_bin1.txt
dataCards/FastSim_TChiNG_0_1200_METvBin_njet5/FastSim_TChiNG_0_1200_METvBin_EW_bin2.txt
dataCards/FastSim_TChiNG_0_1200_METvBin_njet5/FastSim_TChiNG_0_1200_METvBin_EW_bin3.txt
dataCards/FastSim_TChiNG_0_1200_METvBin_njet5/FastSim_TChiNG_0_1200_METvBin_EW_bin4.txt
dataCards/FastSim_TChiNG_0_1200_METvBin_njet5/FastSim_TChiNG_0_1200_METvBin_EW_bin5.txt
ls dataCards
FastSim_T5bbbbZg_1800_150_METvBin_njet3
FastSim_T5bbbbZg_1800_150_METvBin_njet4
FastSim_T5bbbbZg_1800_150_METvBin_njet5
FastSim_T5bbbbZg_1800_1750_METvBin_njet3
FastSim_T5bbbbZg_1800_1750_METvBin_njet4
FastSim_T5bbbbZg_1800_1750_METvBin_njet5
FastSim_TChiNG_0_1200_METvBin_njet3
FastSim_TChiNG_0_1200_METvBin_njet4
FastSim_TChiNG_0_1200_METvBin_njet5
FastSim_TChiNG_0_800_METvBin_njet3
FastSim_TChiNG_0_800_METvBin_njet4
FastSim_TChiNG_0_800_METvBin_njet5
FastSim_TChiWG_0_1200_METvBin_njet3
FastSim_TChiWG_0_1200_METvBin_njet4
FastSim_TChiWG_0_1200_METvBin_njet5
FastSim_TChiWG_0_800_METvBin_njet3
FastSim_TChiWG_0_800_METvBin_njet4
FastSim_TChiWG_0_800_METvBin_njet5
/cvmfs/cms.cern.ch/slc6_amd64_gcc530/cms/cmssw/CMSSW_8_1_0
combineCards.py /uscms/home/bkansal/nobackup/SUSY_Photon_using_v17/SignalRegion_GetLimits/dataCards/FastSim_TChiNG_0_1200_METvBin_njet5/*.txt > dataCard_TChiNG_0_1200_METvBin_njet5.txt
calculating limit
.1200
combine -M AsymptoticLimits dataCard_TChiNG_0_1200_METvBin_njet5.txt -t -1 -n TChiNG_0_1200_METvBin_njet5 -m .1200
 <<< Combine >>> 
>>> including systematics
>>> method used is AsymptoticLimits
>>> random number generator seed is 123456
Computing results starting from expected outcome (a-priori)

 -- AsymptoticLimits ( CLs ) --
Observed Limit: r < 1.0085
Expected  2.5%: r < 0.4724
Expected 16.0%: r < 0.6648
Expected 50.0%: r < 1.0078
Expected 84.0%: r < 1.5823
Expected 97.5%: r < 2.4045

Done in 0.02 min (cpu), 0.02 min (real)
